Conversion Warnings Log


MSG_ID: 1523 	MSG_TYPE: S 	MSG_NAME: BP_OBU_Enable_CTLandOP_Status
	SIG_NAME: EPT_Status_Bitmap, STATUS: Invalid Max or Min value., ACTION: Value Set to default
	SIG_NAME: BP_OBU_Output_Mode, STATUS: Invalid Max or Min value., ACTION: Value Set to default
	SIG_NAME: BP_OBU_OP_Mode, STATUS: Invalid Max or Min value., ACTION: Value Set to default
	SIG_NAME: BP_OBU_HV_CTL_Mode, STATUS: Invalid Max or Min value., ACTION: Value Set to default
	SIG_NAME: BP_OBU_Enable_Mode, STATUS: Invalid Max or Min value., ACTION: Value Set to default
	SIG_NAME: BP_OBU_Enable_CTL, STATUS: Invalid Max or Min value., ACTION: Value Set to default

MSG_ID: 1524 	MSG_TYPE: S 	MSG_NAME: BCU_OBU_Output_EW_Code
	SIG_NAME: BP_OBU_Warning_G3, STATUS: Invalid Max or Min value., ACTION: Value Set to default
	SIG_NAME: BP_OBU_Warning_G2, STATUS: Invalid Max or Min value., ACTION: Value Set to default
	SIG_NAME: BP_OBU_Warning_G1, STATUS: Invalid Max or Min value., ACTION: Value Set to default
	SIG_NAME: BP_OBU_Fault_G5, STATUS: Invalid Max or Min value., ACTION: Value Set to default
	SIG_NAME: BP_OBU_Fault_G4, STATUS: Invalid Max or Min value., ACTION: Value Set to default
	SIG_NAME: BP_OBU_Fault_G3, STATUS: Invalid Max or Min value., ACTION: Value Set to default
	SIG_NAME: BP_OBU_Fault_G2, STATUS: Invalid Max or Min value., ACTION: Value Set to default
	SIG_NAME: BP_OBU_Fault_G1, STATUS: Invalid Max or Min value., ACTION: Value Set to default

MSG_ID: 1525 	MSG_TYPE: S 	MSG_NAME: BCU_OBU_Status_OP_G1
	SIG_NAME: BP_OBU_Current, STATUS: Invalid Max or Min value., ACTION: Value Set to default
	SIG_NAME: BP_OBU_Vbatt, STATUS: Invalid Max or Min value., ACTION: Value Set to default
	SIG_NAME: BP_OBU_Vbus, STATUS: Invalid Max or Min value., ACTION: Value Set to default

MSG_ID: 1526 	MSG_TYPE: S 	MSG_NAME: BCU_OBU_Status_OP_G2
	SIG_NAME: BP_OBU_AH_Def, STATUS: Invalid Max or Min value., ACTION: Value Set to default
	SIG_NAME: BP_OBU_AH_FCC, STATUS: Invalid Max or Min value., ACTION: Value Set to default
	SIG_NAME: BP_OBU_AH_Stored, STATUS: Invalid Max or Min value., ACTION: Value Set to default
	SIG_NAME: BP_OBU_SOC, STATUS: Invalid Max or Min value., ACTION: Value Set to default
	SIG_NAME: BP_OBU_SOA, STATUS: Invalid Max or Min value., ACTION: Value Set to default

MSG_ID: 1527 	MSG_TYPE: S 	MSG_NAME: BCU_OBU_Status_OP_G3
	SIG_NAME: BP_OBU_Tbp_Up, STATUS: Invalid Max or Min value., ACTION: Value Set to default
	SIG_NAME: BP_OBU_Tbp_Down, STATUS: Invalid Max or Min value., ACTION: Value Set to default
	SIG_NAME: BP_OBU_Tair_Out, STATUS: Invalid Max or Min value., ACTION: Value Set to default
	SIG_NAME: BP_OBU_Tair_in, STATUS: Invalid Max or Min value., ACTION: Value Set to default
	SIG_NAME: I2V_Batt_Volt, STATUS: Invalid Max or Min value., ACTION: Value Set to default
	SIG_NAME: NA_Cooling_CTL_OP, STATUS: Invalid Max or Min value., ACTION: Value Set to default

MSG_ID: 1528 	MSG_TYPE: S 	MSG_NAME: BCU_OBU_Status_OP_G4
	SIG_NAME: Max_CellV, STATUS: Invalid Max or Min value., ACTION: Value Set to default
	SIG_NAME: Min_CellV, STATUS: Invalid Max or Min value., ACTION: Value Set to default
	SIG_NAME: Max_CellT, STATUS: Invalid Max or Min value., ACTION: Value Set to default
	SIG_NAME: Min_CellT, STATUS: Invalid Max or Min value., ACTION: Value Set to default

MSG_ID: 1529 	MSG_TYPE: S 	MSG_NAME: BCU_OBU_OutputCTL
	SIG_NAME: BP_OBU_Vmax_Limit, STATUS: Invalid Max or Min value., ACTION: Value Set to default
	SIG_NAME: BP_OBU_min_Limit, STATUS: Invalid Max or Min value., ACTION: Value Set to default
	SIG_NAME: BP_OBU_Idchg_LC, STATUS: Invalid Max or Min value., ACTION: Value Set to default
	SIG_NAME: BP_OBU_Iregen_LC, STATUS: Invalid Max or Min value., ACTION: Value Set to default
	SIG_NAME: BP_OBU_Ichg_EXP, STATUS: Invalid Max or Min value., ACTION: Value Set to default
	SIG_NAME: BP_OBU_Vchg_EXP, STATUS: Invalid Max or Min value., ACTION: Value Set to default
